<?xml version="1.0" encoding="UTF-8"?>
<!-- Generated by org.testng.reporters.JUnitReportReporter -->
<testsuite skipped="0" hostname="DESKTOP-R9FB7TL" name="com.TestCases.TC01_Login" tests="1" failures="0" timestamp="2020-07-04T16:50:58 IST" time="20.005" errors="0">
  <testcase name="loginTest" time="20.005" classname="com.TestCases.TC01_Login"/>
  <system-out/>
</testsuite> <!-- com.TestCases.TC01_Login -->
