<?xml version="1.0" encoding="UTF-8"?>
<!-- Generated by org.testng.reporters.JUnitReportReporter -->
<testsuite skipped="0" hostname="DESKTOP-R9FB7TL" name="com.TestCases.TC03_AddCustomer" tests="1" failures="0" timestamp="2020-07-06T10:01:55 IST" time="42.785" errors="0">
  <testcase name="addNewCustomer" time="42.785" classname="com.TestCases.TC03_AddCustomer"/>
  <system-out/>
</testsuite> <!-- com.TestCases.TC03_AddCustomer -->
