<?xml version="1.0" encoding="UTF-8"?>
<!-- Generated by org.testng.reporters.JUnitReportReporter -->
<testsuite skipped="0" hostname="DESKTOP-R9FB7TL" name="com.TestCases.TC03_AddCustomer" tests="1" failures="0" timestamp="2020-07-05T16:24:36 IST" time="89.357" errors="0">
  <testcase name="addNewCustomer" time="89.357" classname="com.TestCases.TC03_AddCustomer"/>
  <system-out/>
</testsuite> <!-- com.TestCases.TC03_AddCustomer -->
